<?xml version="1.0" encoding="UTF-8"?>
<testsuite xmlns:xsi="http://www.w3.org/2001/XMLSchema-instance" xsi:noNamespaceSchemaLocation="https://maven.apache.org/surefire/maven-surefire-plugin/xsd/surefire-test-report-3.0.xsd" version="3.0" name="com.example.TestHomePage" time="1.426" tests="1" errors="0" skipped="0" failures="0">
  <properties>
[...]
</properties>
  <testcase name="homepageRendersSuccessfully" classname="com.example.TestHomePage" time="1.391">
    <system-out><![CDATA[itemAtual : 1
itemAnterior : 
versaoRowspan : 1
-------------------------------------
itemAtual : 1
itemAnterior : 1
versaoRowspan : 2
-------------------------------------
itemAtual : 1
itemAnterior : 1
versaoRowspan : 3
-------------------------------------
itemAtual : 1
itemAnterior : 1
versaoRowspan : 4
-------------------------------------
itemAtual : 1
itemAnterior : 1
versaoRowspan : 5
-------------------------------------
itemAtual : 1
itemAnterior : 1
versaoRowspan : 6
-------------------------------------
itemAtual : 2
itemAnterior : 1
versaoRowspan : 1
-------------------------------------
itemAtual : 3
itemAnterior : 2
versaoRowspan : 1
-------------------------------------
itemAtual : 4
itemAnterior : 3
versaoRowspan : 1
-------------------------------------
itemAtual : 1 - Não contratar
itemAnterior : 
riscoRowspan : 1
-------------------------------------
itemAtual : 1 - Não contratar
itemAnterior : 1 - Não contratar
riscoRowspan : 2
-------------------------------------
itemAtual : 1 - Não contratar
itemAnterior : 1 - Não contratar
riscoRowspan : 3
-------------------------------------
itemAtual : 2 - Descontinuidade do serviço
itemAnterior : 1 - Não contratar
riscoRowspan : 1
-------------------------------------
itemAtual : 3 - Danificar equipamentos
itemAnterior : 2 - Descontinuidade do serviço
riscoRowspan : 1
-------------------------------------
itemAtual : 3 - Danificar equipamentos
itemAnterior : 3 - Danificar equipamentos
riscoRowspan : 2
-------------------------------------
itemAtual : 1 - Não contratar
itemAnterior : 3 - Danificar equipamentos
riscoRowspan : 1
-------------------------------------
itemAtual : 1 - Não contratar
itemAnterior : 1 - Não contratar
riscoRowspan : 1
-------------------------------------
itemAtual : 1 - Não contratar
itemAnterior : 1 - Não contratar
riscoRowspan : 1
-------------------------------------
GerenciamentoDeRisco{versao='1', versaoRowspan=6, risco='1 - Não contratar', riscoRowspan=3}
GerenciamentoDeRisco{versao='1', versaoRowspan=0, risco='1 - Não contratar', riscoRowspan=0}
GerenciamentoDeRisco{versao='1', versaoRowspan=0, risco='1 - Não contratar', riscoRowspan=0}
GerenciamentoDeRisco{versao='1', versaoRowspan=0, risco='2 - Descontinuidade do serviço', riscoRowspan=1}
GerenciamentoDeRisco{versao='1', versaoRowspan=0, risco='3 - Danificar equipamentos', riscoRowspan=2}
GerenciamentoDeRisco{versao='1', versaoRowspan=0, risco='3 - Danificar equipamentos', riscoRowspan=0}
GerenciamentoDeRisco{versao='2', versaoRowspan=1, risco='1 - Não contratar', riscoRowspan=1}
GerenciamentoDeRisco{versao='3', versaoRowspan=1, risco='1 - Não contratar', riscoRowspan=1}
GerenciamentoDeRisco{versao='4', versaoRowspan=1, risco='1 - Não contratar', riscoRowspan=1}
]]></system-out>
    <system-err><![CDATA[[main] INFO org.apache.wicket.Application - [WicketTesterApplication-c0f9e59d-9b89-418f-b041-acfabb997688] init: Wicket core library initializer
]]></system-err>
  </testcase>
</testsuite>